<?xml version="1.0" encoding="UTF-8"?>
<!-- Generated by org.testng.reporters.JUnitReportReporter -->
<testsuite hostname="DESKTOP-C0JQ1NC" name="com.LitsTest.ShoppingCartTest" tests="1" failures="0" timestamp="17 Aug 2019 12:15:49 GMT" time="21.650" errors="0">
  <testcase name="testAddToShoppingCart" time="21.650" classname="com.LitsTest.ShoppingCartTest"/>
</testsuite> <!-- com.LitsTest.ShoppingCartTest -->
